2018-07-20T21:02:44,402Z UTC [main] INFO  j.z.d.l.LogbackDemoApplicationTests - Starting LogbackDemoApplicationTests on SL2LS431841 with PID 5524 (started by Shu.Shan in C:\gitworkspace\logback-demo)
2018-07-20T21:02:44,403Z UTC [main] DEBUG j.z.d.l.LogbackDemoApplicationTests - Running with Spring Boot v2.0.3.RELEASE, Spring v5.0.7.RELEASE
2018-07-20T21:02:44,405Z UTC [main] INFO  j.z.d.l.LogbackDemoApplicationTests - No active profile set, falling back to default profiles: default
2018-07-20T21:02:44,988Z UTC [main] DEBUG j.z.d.l.component.TestComponent1 - log a debug message -inside TestComponent1.setup() 
2018-07-20T21:02:44,989Z UTC [main] INFO  j.z.d.l.component.TestComponent1 - log a info message -inside TestComponent1.setup() 
2018-07-20T21:02:44,989Z UTC [main] WARN  j.z.d.l.component.TestComponent1 - log a warn message -inside TestComponent1.setup() 
2018-07-20T21:02:44,989Z UTC [main] ERROR j.z.d.l.component.TestComponent1 - log an error message -inside TestComponent1.setup() 
2018-07-20T21:02:44,994Z UTC [main] DEBUG j.z.d.l.component.TestComponent2 - log a debug message -inside TestComponent2.setup() 
2018-07-20T21:02:44,994Z UTC [main] INFO  j.z.d.l.component.TestComponent2 - log a info message -inside TestComponent2.setup() 
2018-07-20T21:02:44,995Z UTC [main] WARN  j.z.d.l.component.TestComponent2 - log a warn message -inside TestComponent2.setup() 
2018-07-20T21:02:44,995Z UTC [main] ERROR j.z.d.l.component.TestComponent2 - log an error message -inside TestComponent2.setup() 
2018-07-20T21:02:44,999Z UTC [main] ERROR j.z.d.l.component.TestComponent3 - log an error message -inside TestComponent3.setup() 
2018-07-20T21:02:45,394Z UTC [main] INFO  j.z.d.l.LogbackDemoApplicationTests - Started LogbackDemoApplicationTests in 1.417 seconds (JVM running for 2.843)
2018-07-20T21:02:45,535Z UTC [Thread-2] DEBUG j.z.d.l.component.TestComponent2 - log a debug message -inside TestComponent2.clean() 
2018-07-20T21:02:45,536Z UTC [Thread-2] INFO  j.z.d.l.component.TestComponent2 - log a info message -inside TestComponent2.clean() 
2018-07-20T21:02:45,536Z UTC [Thread-2] WARN  j.z.d.l.component.TestComponent2 - log a warn message -inside TestComponent2.clean() 
2018-07-20T21:02:45,537Z UTC [Thread-2] ERROR j.z.d.l.component.TestComponent2 - log an error message -inside TestComponent2.clean() 
2018-07-20T21:02:45,537Z UTC [Thread-2] DEBUG j.z.d.l.component.TestComponent1 - log a debug message -inside TestComponent1.clean() 
2018-07-20T21:02:45,537Z UTC [Thread-2] INFO  j.z.d.l.component.TestComponent1 - log a info message -inside TestComponent1.clean() 
2018-07-20T21:02:45,537Z UTC [Thread-2] WARN  j.z.d.l.component.TestComponent1 - log a warn message -inside TestComponent1.clean() 
2018-07-20T21:02:45,537Z UTC [Thread-2] ERROR j.z.d.l.component.TestComponent1 - log an error message -inside TestComponent1.clean() 
2018-07-20T21:03:00,180Z UTC [main] INFO  j.z.d.l.LogbackDemoApplication - Starting LogbackDemoApplication v0.0.1-SNAPSHOT on SL2LS431841 with PID 11904 (C:\gitworkspace\logback-demo\target\logback-demo-0.0.1-SNAPSHOT.jar started by Shu.Shan in C:\gitworkspace\logback-demo)
2018-07-20T21:03:00,184Z UTC [main] DEBUG j.z.d.l.LogbackDemoApplication - Running with Spring Boot v2.0.3.RELEASE, Spring v5.0.7.RELEASE
2018-07-20T21:03:00,185Z UTC [main] INFO  j.z.d.l.LogbackDemoApplication - No active profile set, falling back to default profiles: default
2018-07-20T21:03:00,728Z UTC [main] DEBUG j.z.d.l.component.TestComponent1 - log a debug message -inside TestComponent1.setup() 
2018-07-20T21:03:00,729Z UTC [main] INFO  j.z.d.l.component.TestComponent1 - log a info message -inside TestComponent1.setup() 
2018-07-20T21:03:00,729Z UTC [main] WARN  j.z.d.l.component.TestComponent1 - log a warn message -inside TestComponent1.setup() 
2018-07-20T21:03:00,729Z UTC [main] ERROR j.z.d.l.component.TestComponent1 - log an error message -inside TestComponent1.setup() 
2018-07-20T21:03:00,731Z UTC [main] DEBUG j.z.d.l.component.TestComponent2 - log a debug message -inside TestComponent2.setup() 
2018-07-20T21:03:00,732Z UTC [main] INFO  j.z.d.l.component.TestComponent2 - log a info message -inside TestComponent2.setup() 
2018-07-20T21:03:00,732Z UTC [main] WARN  j.z.d.l.component.TestComponent2 - log a warn message -inside TestComponent2.setup() 
2018-07-20T21:03:00,732Z UTC [main] ERROR j.z.d.l.component.TestComponent2 - log an error message -inside TestComponent2.setup() 
2018-07-20T21:03:00,734Z UTC [main] ERROR j.z.d.l.component.TestComponent3 - log an error message -inside TestComponent3.setup() 
2018-07-20T21:03:01,234Z UTC [main] INFO  j.z.d.l.LogbackDemoApplication - Started LogbackDemoApplication in 1.57 seconds (JVM running for 2.102)
2018-07-20T21:03:01,240Z UTC [Thread-2] DEBUG j.z.d.l.component.TestComponent2 - log a debug message -inside TestComponent2.clean() 
2018-07-20T21:03:01,241Z UTC [Thread-2] INFO  j.z.d.l.component.TestComponent2 - log a info message -inside TestComponent2.clean() 
2018-07-20T21:03:01,241Z UTC [Thread-2] WARN  j.z.d.l.component.TestComponent2 - log a warn message -inside TestComponent2.clean() 
2018-07-20T21:03:01,242Z UTC [Thread-2] ERROR j.z.d.l.component.TestComponent2 - log an error message -inside TestComponent2.clean() 
2018-07-20T21:03:01,242Z UTC [Thread-2] DEBUG j.z.d.l.component.TestComponent1 - log a debug message -inside TestComponent1.clean() 
2018-07-20T21:03:01,243Z UTC [Thread-2] INFO  j.z.d.l.component.TestComponent1 - log a info message -inside TestComponent1.clean() 
2018-07-20T21:03:01,243Z UTC [Thread-2] WARN  j.z.d.l.component.TestComponent1 - log a warn message -inside TestComponent1.clean() 
2018-07-20T21:03:01,245Z UTC [Thread-2] ERROR j.z.d.l.component.TestComponent1 - log an error message -inside TestComponent1.clean() 
