2018-07-21 06:20:59 [main] INFO  j.z.d.l.LogbackDemoApplication -
				Starting LogbackDemoApplication v0.0.1-SNAPSHOT on SL2LS431841 with PID 3508 (C:\gitworkspace\logback-demo\target\logback-demo-0.0.1-SNAPSHOT.jar started by Shu.Shan in C:\gitworkspace\logback-demo)
2018-07-21 06:20:59 [main] DEBUG j.z.d.l.LogbackDemoApplication -
				Running with Spring Boot v2.0.3.RELEASE, Spring v5.0.7.RELEASE
2018-07-21 06:20:59 [main] INFO  j.z.d.l.LogbackDemoApplication -
				No active profile set, falling back to default profiles: default
2018-07-21 06:21:00 [main] INFO  j.z.d.l.component.TestComponent1 -
				log a info message -inside TestComponent1.setup() 
2018-07-21 06:21:00 [main] WARN  j.z.d.l.component.TestComponent1 -
				log a warn message -inside TestComponent1.setup() 
2018-07-21 06:21:00 [main] ERROR j.z.d.l.component.TestComponent1 -
				log an error message -inside TestComponent1.setup() 
2018-07-21 06:21:00 [main] ERROR j.z.d.l.component.TestComponent3 -
				log an error message -inside TestComponent3.setup() 
2018-07-21 06:21:01 [main] INFO  j.z.d.l.LogbackDemoApplication -
				Started LogbackDemoApplication in 2.293 seconds (JVM running for 3.272)
2018-07-21 06:21:01 [Thread-2] INFO  j.z.d.l.component.TestComponent1 -
				log a info message -inside TestComponent1.clean() 
2018-07-21 06:21:01 [Thread-2] WARN  j.z.d.l.component.TestComponent1 -
				log a warn message -inside TestComponent1.clean() 
2018-07-21 06:21:01 [Thread-2] ERROR j.z.d.l.component.TestComponent1 -
				log an error message -inside TestComponent1.clean() 
