2018-07-20 16:24:34 [main] INFO  o.s.b.t.c.SpringBootTestContextBootstrapper -
				Neither @ContextConfiguration nor @ContextHierarchy found for test class [jcg.zheng.demo.logbackdemo.LogbackDemoApplicationTests], using SpringBootContextLoader
2018-07-20 16:24:34 [main] INFO  o.s.t.c.s.AbstractContextLoader -
				Could not detect default resource locations for test class [jcg.zheng.demo.logbackdemo.LogbackDemoApplicationTests]: no resource found for suffixes {-context.xml, Context.groovy}.
2018-07-20 16:24:34 [main] INFO  o.s.t.c.s.AnnotationConfigContextLoaderUtils -
				Could not detect default configuration classes for test class [jcg.zheng.demo.logbackdemo.LogbackDemoApplicationTests]: LogbackDemoApplicationTests does not declare any static, non-private, non-final, nested classes annotated with @Configuration.
2018-07-20 16:24:34 [main] INFO  o.s.b.t.c.SpringBootTestContextBootstrapper -
				Found @SpringBootConfiguration jcg.zheng.demo.logbackdemo.LogbackDemoApplication for test class jcg.zheng.demo.logbackdemo.LogbackDemoApplicationTests
2018-07-20 16:24:34 [main] INFO  o.s.b.t.c.SpringBootTestContextBootstrapper -
				Loaded default TestExecutionListener class names from location [META-INF/spring.factories]: [org.springframework.boot.test.mock.mockito.MockitoTestExecutionListener, org.springframework.boot.test.mock.mockito.ResetMocksTestExecutionListener, org.springframework.boot.test.autoconfigure.restdocs.RestDocsTestExecutionListener, org.springframework.boot.test.autoconfigure.web.client.MockRestServiceServerResetTestExecutionListener, org.springframework.boot.test.autoconfigure.web.servlet.MockMvcPrintOnlyOnFailureTestExecutionListener, org.springframework.boot.test.autoconfigure.web.servlet.WebDriverTestExecutionListener, org.springframework.test.context.web.ServletTestExecutionListener, org.springframework.test.context.support.DirtiesContextBeforeModesTestExecutionListener, org.springframework.test.context.support.DependencyInjectionTestExecutionListener, org.springframework.test.context.support.DirtiesContextTestExecutionListener, org.springframework.test.context.transaction.TransactionalTestExecutionListener, org.springframework.test.context.jdbc.SqlScriptsTestExecutionListener]
2018-07-20 16:24:34 [main] INFO  o.s.b.t.c.SpringBootTestContextBootstrapper -
				Using TestExecutionListeners: [org.springframework.test.context.support.DirtiesContextBeforeModesTestExecutionListener@3315d2d7, org.springframework.boot.test.mock.mockito.MockitoTestExecutionListener@d6e7bab, org.springframework.boot.test.autoconfigure.SpringBootDependencyInjectionTestExecutionListener@5fa07e12, org.springframework.test.context.support.DirtiesContextTestExecutionListener@55b53d44, org.springframework.boot.test.mock.mockito.ResetMocksTestExecutionListener@482bce4f, org.springframework.boot.test.autoconfigure.restdocs.RestDocsTestExecutionListener@366647c2, org.springframework.boot.test.autoconfigure.web.client.MockRestServiceServerResetTestExecutionListener@6a6afff2, org.springframework.boot.test.autoconfigure.web.servlet.MockMvcPrintOnlyOnFailureTestExecutionListener@1649b0e6, org.springframework.boot.test.autoconfigure.web.servlet.WebDriverTestExecutionListener@865dd6]
2018-07-20 16:24:35 [main] INFO  j.z.d.l.LogbackDemoApplicationTests -
				Starting LogbackDemoApplicationTests on SL2LS431841 with PID 9432 (started by Shu.Shan in C:\gitworkspace\logback-demo)
2018-07-20 16:24:35 [main] DEBUG j.z.d.l.LogbackDemoApplicationTests -
				Running with Spring Boot v2.0.3.RELEASE, Spring v5.0.7.RELEASE
2018-07-20 16:24:35 [main] INFO  j.z.d.l.LogbackDemoApplicationTests -
				No active profile set, falling back to default profiles: default
2018-07-20 16:24:35 [main] INFO  j.z.d.l.component.TestComponent1 -
				log a info message -inside TestComponent1.setup() 
2018-07-20 16:24:35 [main] WARN  j.z.d.l.component.TestComponent1 -
				log a warn message -inside TestComponent1.setup() 
2018-07-20 16:24:35 [main] ERROR j.z.d.l.component.TestComponent1 -
				log an error message -inside TestComponent1.setup() 
2018-07-20 16:24:35 [main] ERROR j.z.d.l.component.TestComponent3 -
				log an error message -inside TestComponent3.setup() 
2018-07-20 16:24:36 [main] INFO  j.z.d.l.LogbackDemoApplicationTests -
				Started LogbackDemoApplicationTests in 1.487 seconds (JVM running for 2.987)
2018-07-20 16:24:36 [Thread-2] INFO  j.z.d.l.component.TestComponent1 -
				log a info message -inside TestComponent1.clean() 
2018-07-20 16:24:36 [Thread-2] WARN  j.z.d.l.component.TestComponent1 -
				log a warn message -inside TestComponent1.clean() 
2018-07-20 16:24:36 [Thread-2] ERROR j.z.d.l.component.TestComponent1 -
				log an error message -inside TestComponent1.clean() 
2018-07-20 16:25:06 [main] INFO  j.z.d.l.LogbackDemoApplication -
				Starting LogbackDemoApplication v0.0.1-SNAPSHOT on SL2LS431841 with PID 10108 (C:\gitworkspace\logback-demo\target\logback-demo-0.0.1-SNAPSHOT.jar started by Shu.Shan in C:\gitworkspace\logback-demo)
2018-07-20 16:25:06 [main] DEBUG j.z.d.l.LogbackDemoApplication -
				Running with Spring Boot v2.0.3.RELEASE, Spring v5.0.7.RELEASE
2018-07-20 16:25:06 [main] INFO  j.z.d.l.LogbackDemoApplication -
				No active profile set, falling back to default profiles: default
2018-07-20 16:25:07 [main] ERROR j.z.d.l.component.TestComponent3 -
				log an error message -inside TestComponent3.setup() 
2018-07-20 16:25:07 [main] INFO  j.z.d.l.component.TestComponent1 -
				log a info message -inside TestComponent1.setup() 
2018-07-20 16:25:07 [main] WARN  j.z.d.l.component.TestComponent1 -
				log a warn message -inside TestComponent1.setup() 
2018-07-20 16:25:07 [main] ERROR j.z.d.l.component.TestComponent1 -
				log an error message -inside TestComponent1.setup() 
2018-07-20 16:25:07 [main] INFO  j.z.d.l.LogbackDemoApplication -
				Started LogbackDemoApplication in 1.506 seconds (JVM running for 2.172)
2018-07-20 16:25:07 [Thread-2] INFO  j.z.d.l.component.TestComponent1 -
				log a info message -inside TestComponent1.clean() 
2018-07-20 16:25:07 [Thread-2] WARN  j.z.d.l.component.TestComponent1 -
				log a warn message -inside TestComponent1.clean() 
2018-07-20 16:25:07 [Thread-2] ERROR j.z.d.l.component.TestComponent1 -
				log an error message -inside TestComponent1.clean() 
2018-07-20 16:27:57 [main] INFO  j.z.d.l.LogbackDemoApplication -
				Starting LogbackDemoApplication v0.0.1-SNAPSHOT on SL2LS431841 with PID 11400 (C:\gitworkspace\logback-demo\target\logback-demo-0.0.1-SNAPSHOT.jar started by Shu.Shan in C:\gitworkspace\logback-demo)
2018-07-20 16:27:57 [main] DEBUG j.z.d.l.LogbackDemoApplication -
				Running with Spring Boot v2.0.3.RELEASE, Spring v5.0.7.RELEASE
2018-07-20 16:27:57 [main] INFO  j.z.d.l.LogbackDemoApplication -
				No active profile set, falling back to default profiles: default
2018-07-20 16:27:58 [main] ERROR j.z.d.l.component.TestComponent3 -
				log an error message -inside TestComponent3.setup() 
2018-07-20 16:27:58 [main] INFO  j.z.d.l.component.TestComponent1 -
				log a info message -inside TestComponent1.setup() 
2018-07-20 16:27:58 [main] WARN  j.z.d.l.component.TestComponent1 -
				log a warn message -inside TestComponent1.setup() 
2018-07-20 16:27:58 [main] ERROR j.z.d.l.component.TestComponent1 -
				log an error message -inside TestComponent1.setup() 
2018-07-20 16:27:58 [main] INFO  j.z.d.l.LogbackDemoApplication -
				Started LogbackDemoApplication in 1.498 seconds (JVM running for 2.159)
2018-07-20 16:27:58 [Thread-2] INFO  j.z.d.l.component.TestComponent1 -
				log a info message -inside TestComponent1.clean() 
2018-07-20 16:27:58 [Thread-2] WARN  j.z.d.l.component.TestComponent1 -
				log a warn message -inside TestComponent1.clean() 
2018-07-20 16:27:58 [Thread-2] ERROR j.z.d.l.component.TestComponent1 -
				log an error message -inside TestComponent1.clean() 
